# JRE version: OpenJDK Runtime Environment (11.0.10) (build 11.0.10+0-b96-7249189)
# Java VM: OpenJDK 64-Bit Server VM (11.0.10+0-b96-7249189, mixed mode, tiered, compressed oops, g1 gc, windows-amd64)
Heap:
 garbage-first heap   total 196608K, used 99003K [0x0000000080000000, 0x0000000100000000)
  region size 1024K, 70 young (71680K), 9 survivors (9216K)
 Metaspace       used 40508K, capacity 41557K, committed 41728K, reserved 1085440K
  class space    used 5206K, capacity 5608K, committed 5632K, reserved 1048576K
GC Heap History (14 events):
Event: 3.199 GC heap before
{Heap before GC invocations=0 (full 0):
 garbage-first heap   total 196608K, used 19456K [0x0000000080000000, 0x0000000100000000)
  region size 1024K, 14 young (14336K), 0 survivors (0K)
 Metaspace       used 6744K, capacity 6925K, committed 7168K, reserved 1056768K
  class space    used 582K, capacity 650K, committed 768K, reserved 1048576K
}
Event: 3.214 GC heap after
{Heap after GC invocations=1 (full 0):
 garbage-first heap   total 196608K, used 7888K [0x0000000080000000, 0x0000000100000000)
  region size 1024K, 2 young (2048K), 2 survivors (2048K)
 Metaspace       used 6744K, capacity 6925K, committed 7168K, reserved 1056768K
  class space    used 582K, capacity 650K, committed 768K, reserved 1048576K
}
Event: 3.785 GC heap before
{Heap before GC invocations=1 (full 0):
 garbage-first heap   total 196608K, used 20176K [0x0000000080000000, 0x0000000100000000)
  region size 1024K, 14 young (14336K), 2 survivors (2048K)
 Metaspace       used 10213K, capacity 10425K, committed 10624K, reserved 1058816K
  class space    used 1064K, capacity 1139K, committed 1152K, reserved 1048576K
}
Event: 3.790 GC heap after
{Heap after GC invocations=2 (full 0):
 garbage-first heap   total 196608K, used 9312K [0x0000000080000000, 0x0000000100000000)
  region size 1024K, 2 young (2048K), 2 survivors (2048K)
 Metaspace       used 10213K, capacity 10425K, committed 10624K, reserved 1058816K
  class space    used 1064K, capacity 1139K, committed 1152K, reserved 1048576K
}
Event: 4.640 GC heap before
{Heap before GC invocations=2 (full 0):
 garbage-first heap   total 196608K, used 39008K [0x0000000080000000, 0x0000000100000000)
  region size 1024K, 31 young (31744K), 2 survivors (2048K)
 Metaspace       used 11151K, capacity 11442K, committed 11520K, reserved 1058816K
  class space    used 1166K, capacity 1243K, committed 1280K, reserved 1048576K
}
Event: 4.645 GC heap after
{Heap after GC invocations=3 (full 0):
 garbage-first heap   total 196608K, used 11045K [0x0000000080000000, 0x0000000100000000)
  region size 1024K, 3 young (3072K), 3 survivors (3072K)
 Metaspace       used 11151K, capacity 11442K, committed 11520K, reserved 1058816K
  class space    used 1166K, capacity 1243K, committed 1280K, reserved 1048576K
}
Event: 6.869 GC heap before
{Heap before GC invocations=3 (full 0):
 garbage-first heap   total 196608K, used 72485K [0x0000000080000000, 0x0000000100000000)
  region size 1024K, 63 young (64512K), 3 survivors (3072K)
 Metaspace       used 19895K, capacity 20351K, committed 20480K, reserved 1067008K
  class space    used 2419K, capacity 2556K, committed 2560K, reserved 1048576K
}
Event: 6.882 GC heap after
{Heap after GC invocations=4 (full 0):
 garbage-first heap   total 196608K, used 16772K [0x0000000080000000, 0x0000000100000000)
  region size 1024K, 8 young (8192K), 8 survivors (8192K)
 Metaspace       used 19895K, capacity 20351K, committed 20480K, reserved 1067008K
  class space    used 2419K, capacity 2556K, committed 2560K, reserved 1048576K
}
Event: 6.978 GC heap before
{Heap before GC invocations=4 (full 0):
 garbage-first heap   total 196608K, used 20868K [0x0000000080000000, 0x0000000100000000)
  region size 1024K, 13 young (13312K), 8 survivors (8192K)
 Metaspace       used 20583K, capacity 21123K, committed 21296K, reserved 1069056K
  class space    used 2511K, capacity 2669K, committed 2688K, reserved 1048576K
}
Event: 6.990 GC heap after
{Heap after GC invocations=5 (full 0):
 garbage-first heap   total 196608K, used 17462K [0x0000000080000000, 0x0000000100000000)
  region size 1024K, 1 young (1024K), 1 survivors (1024K)
 Metaspace       used 20583K, capacity 21123K, committed 21296K, reserved 1069056K
  class space    used 2511K, capacity 2669K, committed 2688K, reserved 1048576K
}
Event: 8.208 GC heap before
{Heap before GC invocations=6 (full 0):
 garbage-first heap   total 196608K, used 76854K [0x0000000080000000, 0x0000000100000000)
  region size 1024K, 55 young (56320K), 1 survivors (1024K)
 Metaspace       used 26138K, capacity 26921K, committed 27008K, reserved 1073152K
  class space    used 3426K, capacity 3688K, committed 3712K, reserved 1048576K
}
Event: 8.215 GC heap after
{Heap after GC invocations=7 (full 0):
 garbage-first heap   total 196608K, used 25910K [0x0000000080000000, 0x0000000100000000)
  region size 1024K, 5 young (5120K), 5 survivors (5120K)
 Metaspace       used 26138K, capacity 26921K, committed 27008K, reserved 1073152K
  class space    used 3426K, capacity 3688K, committed 3712K, reserved 1048576K
}
Event: 9.594 GC heap before
{Heap before GC invocations=7 (full 0):
 garbage-first heap   total 196608K, used 92470K [0x0000000080000000, 0x0000000100000000)
  region size 1024K, 66 young (67584K), 5 survivors (5120K)
 Metaspace       used 34957K, capacity 35865K, committed 35968K, reserved 1081344K
  class space    used 4575K, capacity 4926K, committed 4992K, reserved 1048576K
}
Event: 9.612 GC heap after
{Heap after GC invocations=8 (full 0):
 garbage-first heap   total 196608K, used 35515K [0x0000000080000000, 0x0000000100000000)
  region size 1024K, 9 young (9216K), 9 survivors (9216K)
 Metaspace       used 34957K, capacity 35865K, committed 35968K, reserved 1081344K
  class space    used 4575K, capacity 4926K, committed 4992K, reserved 1048576K
}

