# JRE version: OpenJDK Runtime Environment (11.0.10) (build 11.0.10+0-b96-7249189)
# Java VM: OpenJDK 64-Bit Server VM (11.0.10+0-b96-7249189, mixed mode, tiered, compressed oops, g1 gc, windows-amd64)
Heap:
 garbage-first heap   total 778240K, used 250681K [0x0000000080000000, 0x0000000100000000)
  region size 1024K, 2 young (2048K), 2 survivors (2048K)
 Metaspace       used 147967K, capacity 152259K, committed 152536K, reserved 1181696K
  class space    used 18386K, capacity 19988K, committed 20028K, reserved 1048576K
GC Heap History (20 events):
Event: 4611.916 GC heap after
{Heap after GC invocations=82 (full 0):
 garbage-first heap   total 284672K, used 159112K [0x0000000080000000, 0x0000000100000000)
  region size 1024K, 5 young (5120K), 5 survivors (5120K)
 Metaspace       used 143741K, capacity 147869K, committed 148056K, reserved 1177600K
  class space    used 17828K, capacity 19358K, committed 19388K, reserved 1048576K
}
Event: 4612.219 GC heap before
{Heap before GC invocations=82 (full 0):
 garbage-first heap   total 284672K, used 242056K [0x0000000080000000, 0x0000000100000000)
  region size 1024K, 86 young (88064K), 5 survivors (5120K)
 Metaspace       used 143747K, capacity 147872K, committed 148056K, reserved 1177600K
  class space    used 17829K, capacity 19359K, committed 19388K, reserved 1048576K
}
Event: 4612.229 GC heap after
{Heap after GC invocations=83 (full 0):
 garbage-first heap   total 284672K, used 159697K [0x0000000080000000, 0x0000000100000000)
  region size 1024K, 5 young (5120K), 5 survivors (5120K)
 Metaspace       used 143747K, capacity 147872K, committed 148056K, reserved 1177600K
  class space    used 17829K, capacity 19359K, committed 19388K, reserved 1048576K
}
Event: 4612.821 GC heap before
{Heap before GC invocations=83 (full 0):
 garbage-first heap   total 284672K, used 244689K [0x0000000080000000, 0x0000000100000000)
  region size 1024K, 87 young (89088K), 5 survivors (5120K)
 Metaspace       used 143886K, capacity 147980K, committed 148056K, reserved 1177600K
  class space    used 17829K, capacity 19359K, committed 19388K, reserved 1048576K
}
Event: 4612.837 GC heap after
{Heap after GC invocations=84 (full 0):
 garbage-first heap   total 284672K, used 160645K [0x0000000080000000, 0x0000000100000000)
  region size 1024K, 6 young (6144K), 6 survivors (6144K)
 Metaspace       used 143886K, capacity 147980K, committed 148056K, reserved 1177600K
  class space    used 17829K, capacity 19359K, committed 19388K, reserved 1048576K
}
Event: 4613.271 GC heap before
{Heap before GC invocations=84 (full 0):
 garbage-first heap   total 284672K, used 208773K [0x0000000080000000, 0x0000000100000000)
  region size 1024K, 52 young (53248K), 6 survivors (6144K)
 Metaspace       used 144365K, capacity 148459K, committed 148696K, reserved 1179648K
  class space    used 17881K, capacity 19398K, committed 19516K, reserved 1048576K
}
Event: 4613.283 GC heap after
{Heap after GC invocations=85 (full 0):
 garbage-first heap   total 284672K, used 162229K [0x0000000080000000, 0x0000000100000000)
  region size 1024K, 6 young (6144K), 6 survivors (6144K)
 Metaspace       used 144365K, capacity 148459K, committed 148696K, reserved 1179648K
  class space    used 17881K, capacity 19398K, committed 19516K, reserved 1048576K
}
Event: 4614.106 GC heap before
{Heap before GC invocations=86 (full 0):
 garbage-first heap   total 284672K, used 269749K [0x0000000080000000, 0x0000000100000000)
  region size 1024K, 87 young (89088K), 6 survivors (6144K)
 Metaspace       used 144705K, capacity 148691K, committed 149208K, reserved 1179648K
  class space    used 17898K, capacity 19379K, committed 19516K, reserved 1048576K
}
Event: 4614.154 GC heap after
{Heap after GC invocations=87 (full 0):
 garbage-first heap   total 293888K, used 195844K [0x0000000080000000, 0x0000000100000000)
  region size 1024K, 11 young (11264K), 11 survivors (11264K)
 Metaspace       used 144705K, capacity 148691K, committed 149208K, reserved 1179648K
  class space    used 17898K, capacity 19379K, committed 19516K, reserved 1048576K
}
Event: 4614.170 GC heap before
{Heap before GC invocations=87 (full 0):
 garbage-first heap   total 293888K, used 197892K [0x0000000080000000, 0x0000000100000000)
  region size 1024K, 14 young (14336K), 11 survivors (11264K)
 Metaspace       used 144705K, capacity 148691K, committed 149208K, reserved 1179648K
  class space    used 17898K, capacity 19379K, committed 19516K, reserved 1048576K
}
Event: 4614.220 GC heap after
{Heap after GC invocations=88 (full 0):
 garbage-first heap   total 293888K, used 184672K [0x0000000080000000, 0x0000000100000000)
  region size 1024K, 2 young (2048K), 2 survivors (2048K)
 Metaspace       used 144705K, capacity 148691K, committed 149208K, reserved 1179648K
  class space    used 17898K, capacity 19379K, committed 19516K, reserved 1048576K
}
Event: 4614.700 GC heap before
{Heap before GC invocations=88 (full 0):
 garbage-first heap   total 293888K, used 248160K [0x0000000080000000, 0x0000000100000000)
  region size 1024K, 63 young (64512K), 2 survivors (2048K)
 Metaspace       used 145143K, capacity 149160K, committed 149592K, reserved 1179648K
  class space    used 17957K, capacity 19426K, committed 19644K, reserved 1048576K
}
Event: 4614.748 GC heap after
{Heap after GC invocations=89 (full 0):
 garbage-first heap   total 447488K, used 202752K [0x0000000080000000, 0x0000000100000000)
  region size 1024K, 8 young (8192K), 8 survivors (8192K)
 Metaspace       used 145143K, capacity 149160K, committed 149592K, reserved 1179648K
  class space    used 17957K, capacity 19426K, committed 19644K, reserved 1048576K
}
Event: 4615.743 GC heap before
{Heap before GC invocations=89 (full 0):
 garbage-first heap   total 447488K, used 340992K [0x0000000080000000, 0x0000000100000000)
  region size 1024K, 144 young (147456K), 8 survivors (8192K)
 Metaspace       used 145467K, capacity 149565K, committed 149848K, reserved 1179648K
  class space    used 18008K, capacity 19497K, committed 19644K, reserved 1048576K
}
Event: 4615.846 GC heap after
{Heap after GC invocations=90 (full 0):
 garbage-first heap   total 447488K, used 233472K [0x0000000080000000, 0x0000000100000000)
  region size 1024K, 18 young (18432K), 18 survivors (18432K)
 Metaspace       used 145467K, capacity 149565K, committed 149848K, reserved 1179648K
  class space    used 18008K, capacity 19497K, committed 19644K, reserved 1048576K
}
Event: 4617.022 GC heap before
{Heap before GC invocations=90 (full 0):
 garbage-first heap   total 447488K, used 347136K [0x0000000080000000, 0x0000000100000000)
  region size 1024K, 124 young (126976K), 18 survivors (18432K)
 Metaspace       used 146440K, capacity 150538K, committed 150744K, reserved 1179648K
  class space    used 18154K, capacity 19668K, committed 19772K, reserved 1048576K
}
Event: 4617.100 GC heap after
{Heap after GC invocations=91 (full 0):
 garbage-first heap   total 447488K, used 247296K [0x0000000080000000, 0x0000000100000000)
  region size 1024K, 9 young (9216K), 9 survivors (9216K)
 Metaspace       used 146440K, capacity 150538K, committed 150744K, reserved 1179648K
  class space    used 18154K, capacity 19668K, committed 19772K, reserved 1048576K
}
Event: 4619.112 GC heap before
{Heap before GC invocations=91 (full 0):
 garbage-first heap   total 447488K, used 359936K [0x0000000080000000, 0x0000000100000000)
  region size 1024K, 105 young (107520K), 9 survivors (9216K)
 Metaspace       used 146458K, capacity 150604K, committed 150744K, reserved 1179648K
  class space    used 18154K, capacity 19668K, committed 19772K, reserved 1048576K
}
Event: 4619.171 GC heap after
{Heap after GC invocations=92 (full 0):
 garbage-first heap   total 447488K, used 273472K [0x0000000080000000, 0x0000000100000000)
  region size 1024K, 15 young (15360K), 15 survivors (15360K)
 Metaspace       used 146458K, capacity 150604K, committed 150744K, reserved 1179648K
  class space    used 18154K, capacity 19668K, committed 19772K, reserved 1048576K
}
Event: 4638.531 GC heap before
{Heap before GC invocations=93 (full 0):
 garbage-first heap   total 447488K, used 362560K [0x0000000080000000, 0x0000000100000000)
  region size 1024K, 104 young (106496K), 15 survivors (15360K)
 Metaspace       used 147967K, capacity 152259K, committed 152536K, reserved 1181696K
  class space    used 18386K, capacity 19988K, committed 20028K, reserved 1048576K
}

